<?xml version="1.0" encoding="UTF-8"?>
<!-- Generated by org.testng.reporters.JUnitReportReporter -->
<testsuite hostname="MSI" failures="0" tests="1" name="AmazonTestCases.TestCases" time="17.614" errors="0" timestamp="2024-08-13T17:35:29 IST" skipped="0">
  <testcase classname="AmazonTestCases.TestCases" name="TC04" time="17.614"/>
</testsuite> <!-- AmazonTestCases.TestCases -->
